2023-04-02 22:11:28.384744 - Initialized conversion of CBT143
2023-04-02 22:11:28.556178 - Received CBT.V504.FILE143.PDS from FILE143.XMI 
2023-04-02 22:11:28.558947 - Found $$$#DATE.txt (text/plain) in CBT.V504.FILE143.PDS, moved to PDS/$$$#DATE
2023-04-02 22:11:28.559983 - Found $$$DOC.txt (text/plain) in CBT.V504.FILE143.PDS, moved to PDS/$$$DOC
2023-04-02 22:11:28.561042 - Found @FILE143.txt (text/plain) in CBT.V504.FILE143.PDS, moved to PDS/@FILE143
2023-04-02 22:11:28.562165 - Found DDDISK.txt (text/plain) in CBT.V504.FILE143.PDS, moved to PDS/DDDISK
2023-04-02 22:11:28.563191 - Found DDTAPE.txt (text/plain) in CBT.V504.FILE143.PDS, moved to PDS/DDTAPE
2023-04-02 22:11:28.564314 - Found IDCAMLMA.txt (text/plain) in CBT.V504.FILE143.PDS, moved to PDS/IDCAMLMA
2023-04-02 22:11:28.565414 - Found IDCAMLMB.txt (text/plain) in CBT.V504.FILE143.PDS, moved to PDS/IDCAMLMB
2023-04-02 22:11:28.566351 - Found IDCAMLMC.txt (text/plain) in CBT.V504.FILE143.PDS, moved to PDS/IDCAMLMC
2023-04-02 22:11:28.567357 - Found IDCAMLMD.txt (text/plain) in CBT.V504.FILE143.PDS, moved to PDS/IDCAMLMD
2023-04-02 22:11:28.568466 - Found IDCAMLMG.txt (text/plain) in CBT.V504.FILE143.PDS, moved to PDS/IDCAMLMG
2023-04-02 22:11:28.569464 - Found IDCAMLMI.txt (text/plain) in CBT.V504.FILE143.PDS, moved to PDS/IDCAMLMI
2023-04-02 22:11:28.570398 - Found IDCAMLMK.txt (text/plain) in CBT.V504.FILE143.PDS, moved to PDS/IDCAMLMK
2023-04-02 22:11:28.571416 - Found IDCAMLML.txt (text/plain) in CBT.V504.FILE143.PDS, moved to PDS/IDCAMLML
2023-04-02 22:11:28.572470 - Found IDCAMLMN.txt (text/plain) in CBT.V504.FILE143.PDS, moved to PDS/IDCAMLMN
2023-04-02 22:11:28.573429 - Found IDCAMLMP.txt (text/plain) in CBT.V504.FILE143.PDS, moved to PDS/IDCAMLMP
2023-04-02 22:11:28.574350 - Found IDCAMLMR.txt (text/plain) in CBT.V504.FILE143.PDS, moved to PDS/IDCAMLMR
2023-04-02 22:11:28.575366 - Found IDCAMLMV.txt (text/plain) in CBT.V504.FILE143.PDS, moved to PDS/IDCAMLMV
2023-04-02 22:11:28.576418 - Found IDCAMLMX.txt (text/plain) in CBT.V504.FILE143.PDS, moved to PDS/IDCAMLMX
2023-04-02 22:11:28.577440 - Found IDCAMLSB.txt (text/plain) in CBT.V504.FILE143.PDS, moved to PDS/IDCAMLSB
2023-04-02 22:11:28.578393 - Found IDCAMLSH.txt (text/plain) in CBT.V504.FILE143.PDS, moved to PDS/IDCAMLSH
2023-04-02 22:11:28.579345 - Found IDCAMLST.txt (text/plain) in CBT.V504.FILE143.PDS, moved to PDS/IDCAMLST
2023-04-02 22:11:28.580267 - Found IDCAML10.txt (text/plain) in CBT.V504.FILE143.PDS, moved to PDS/IDCAML10
2023-04-02 22:11:28.581133 - Found IDCAMPRT.txt (text/plain) in CBT.V504.FILE143.PDS, moved to PDS/IDCAMPRT
2023-04-02 22:11:28.581989 - Found IDCAMP10.txt (text/plain) in CBT.V504.FILE143.PDS, moved to PDS/IDCAMP10
2023-04-02 22:11:28.582893 - Found IDCAMSPF.txt (text/plain) in CBT.V504.FILE143.PDS, moved to PDS/IDCAMSPF
2023-04-02 22:11:28.583839 - Found ISPCOMP.txt (text/plain) in CBT.V504.FILE143.PDS, moved to PDS/ISPCOMP
2023-04-02 22:11:28.584717 - Found ISPCOMPC.txt (text/plain) in CBT.V504.FILE143.PDS, moved to PDS/ISPCOMPC
2023-04-02 22:11:28.585580 - Found ISPCOMPF.txt (text/plain) in CBT.V504.FILE143.PDS, moved to PDS/ISPCOMPF
2023-04-02 22:11:28.586440 - Found ISPCOMPH.txt (text/plain) in CBT.V504.FILE143.PDS, moved to PDS/ISPCOMPH
2023-04-02 22:11:28.587337 - Found ISPCOMPP.txt (text/plain) in CBT.V504.FILE143.PDS, moved to PDS/ISPCOMPP
2023-04-02 22:11:28.588227 - Found JOBCARD.txt (text/plain) in CBT.V504.FILE143.PDS, moved to PDS/JOBCARD
2023-04-02 22:11:28.589093 - Found L.txt (text/plain) in CBT.V504.FILE143.PDS, moved to PDS/L
2023-04-02 22:11:28.589946 - Found MENU.txt (text/plain) in CBT.V504.FILE143.PDS, moved to PDS/MENU
2023-04-02 22:11:28.590838 - Found TECHSERV.txt (text/plain) in CBT.V504.FILE143.PDS, moved to PDS/TECHSERV
2023-04-02 22:11:28.591957 - Found TESTDATA.txt (text/plain) in CBT.V504.FILE143.PDS, moved to PDS/TESTDATA
